<?xml version="1.0" encoding="UTF-8"?>
<coverage generated="1593789833234" clover="3.2.0">
  <project timestamp="1593789833234" name="All files">
    <metrics statements="64" coveredstatements="56" conditionals="11" coveredconditionals="7" methods="19" coveredmethods="17" elements="94" coveredelements="80" complexity="0" loc="64" ncloc="64" packages="1" files="6" classes="6"/>
    <file name="calculators.js" path="/home/antoine/code/Refactoring/src/calculators.js">
      <metrics statements="23" coveredstatements="21" conditionals="9" coveredconditionals="7" methods="6" coveredmethods="6"/>
      <line num="3" count="14" type="cond" truecount="3" falsecount="0"/>
      <line num="5" count="5" type="stmt"/>
      <line num="6" count="0" type="stmt"/>
      <line num="8" count="8" type="stmt"/>
      <line num="9" count="0" type="stmt"/>
      <line num="11" count="1" type="stmt"/>
      <line num="18" count="16" type="stmt"/>
      <line num="19" count="16" type="stmt"/>
      <line num="23" count="1" type="stmt"/>
      <line num="27" count="14" type="stmt"/>
      <line num="28" count="14" type="cond" truecount="2" falsecount="0"/>
      <line num="29" count="5" type="stmt"/>
      <line num="31" count="14" type="stmt"/>
      <line num="32" count="14" type="stmt"/>
      <line num="38" count="4" type="stmt"/>
      <line num="39" count="4" type="cond" truecount="1" falsecount="1"/>
      <line num="40" count="4" type="stmt"/>
      <line num="42" count="4" type="stmt"/>
      <line num="43" count="4" type="stmt"/>
      <line num="49" count="8" type="stmt"/>
      <line num="50" count="8" type="cond" truecount="1" falsecount="1"/>
      <line num="51" count="8" type="stmt"/>
      <line num="53" count="8" type="stmt"/>
    </file>
    <file name="createStatementData.js" path="/home/antoine/code/Refactoring/src/createStatementData.js">
      <metrics statements="23" coveredstatements="17" conditionals="2" coveredconditionals="0" methods="9" coveredmethods="7"/>
      <line num="8" count="4" type="stmt"/>
      <line num="9" count="4" type="stmt"/>
      <line num="10" count="4" type="stmt"/>
      <line num="11" count="4" type="stmt"/>
      <line num="12" count="4" type="stmt"/>
      <line num="14" count="4" type="stmt"/>
      <line num="17" count="12" type="stmt"/>
      <line num="19" count="12" type="stmt"/>
      <line num="21" count="12" type="stmt"/>
      <line num="22" count="12" type="stmt"/>
      <line num="23" count="12" type="stmt"/>
      <line num="25" count="12" type="stmt"/>
      <line num="29" count="12" type="stmt"/>
      <line num="33" count="0" type="stmt"/>
      <line num="37" count="0" type="stmt"/>
      <line num="38" count="0" type="stmt"/>
      <line num="39" count="0" type="cond" truecount="0" falsecount="2"/>
      <line num="40" count="0" type="stmt"/>
      <line num="42" count="0" type="stmt"/>
      <line num="46" count="4" type="stmt"/>
      <line num="47" count="12" type="stmt"/>
      <line num="51" count="4" type="stmt"/>
      <line num="52" count="12" type="stmt"/>
    </file>
    <file name="currency.js" path="/home/antoine/code/Refactoring/src/currency.js">
      <metrics statements="1" coveredstatements="1" conditionals="0" coveredconditionals="0" methods="1" coveredmethods="1"/>
      <line num="2" count="9" type="stmt"/>
    </file>
    <file name="renderHtml.js" path="/home/antoine/code/Refactoring/src/renderHtml.js">
      <metrics statements="10" coveredstatements="10" conditionals="0" coveredconditionals="0" methods="1" coveredmethods="1"/>
      <line num="4" count="1" type="stmt"/>
      <line num="5" count="1" type="stmt"/>
      <line num="6" count="1" type="stmt"/>
      <line num="7" count="1" type="stmt"/>
      <line num="8" count="3" type="stmt"/>
      <line num="9" count="3" type="stmt"/>
      <line num="11" count="1" type="stmt"/>
      <line num="12" count="1" type="stmt"/>
      <line num="13" count="1" type="stmt"/>
      <line num="15" count="1" type="stmt"/>
    </file>
    <file name="renderPlainText.js" path="/home/antoine/code/Refactoring/src/renderPlainText.js">
      <metrics statements="6" coveredstatements="6" conditionals="0" coveredconditionals="0" methods="1" coveredmethods="1"/>
      <line num="4" count="1" type="stmt"/>
      <line num="6" count="1" type="stmt"/>
      <line num="7" count="3" type="stmt"/>
      <line num="10" count="1" type="stmt"/>
      <line num="11" count="1" type="stmt"/>
      <line num="12" count="1" type="stmt"/>
    </file>
    <file name="statement.js" path="/home/antoine/code/Refactoring/src/statement.js">
      <metrics statements="1" coveredstatements="1" conditionals="0" coveredconditionals="0" methods="1" coveredmethods="1"/>
      <line num="4" count="4" type="stmt"/>
    </file>
  </project>
</coverage>
