{"/home/antoine/code/Refactoring/src/calculators.js": {"path":"/home/antoine/code/Refactoring/src/calculators.js","statementMap":{"0":{"start":{"line":3,"column":2},"end":{"line":12,"column":3}},"1":{"start":{"line":5,"column":6},"end":{"line":5,"column":66}},"2":{"start":{"line":6,"column":6},"end":{"line":6,"column":12}},"3":{"start":{"line":8,"column":6},"end":{"line":8,"column":67}},"4":{"start":{"line":9,"column":6},"end":{"line":9,"column":12}},"5":{"start":{"line":11,"column":6},"end":{"line":11,"column":53}},"6":{"start":{"line":18,"column":4},"end":{"line":18,"column":35}},"7":{"start":{"line":19,"column":4},"end":{"line":19,"column":21}},"8":{"start":{"line":23,"column":4},"end":{"line":23,"column":47}},"9":{"start":{"line":27,"column":17},"end":{"line":27,"column":18}},"10":{"start":{"line":28,"column":4},"end":{"line":30,"column":5}},"11":{"start":{"line":29,"column":6},"end":{"line":29,"column":58}},"12":{"start":{"line":31,"column":4},"end":{"line":31,"column":58}},"13":{"start":{"line":32,"column":4},"end":{"line":32,"column":18}},"14":{"start":{"line":38,"column":17},"end":{"line":38,"column":22}},"15":{"start":{"line":39,"column":4},"end":{"line":41,"column":5}},"16":{"start":{"line":40,"column":6},"end":{"line":40,"column":61}},"17":{"start":{"line":42,"column":4},"end":{"line":42,"column":45}},"18":{"start":{"line":43,"column":4},"end":{"line":43,"column":17}},"19":{"start":{"line":49,"column":17},"end":{"line":49,"column":22}},"20":{"start":{"line":50,"column":4},"end":{"line":52,"column":5}},"21":{"start":{"line":51,"column":6},"end":{"line":51,"column":55}},"22":{"start":{"line":53,"column":4},"end":{"line":53,"column":17}}},"fnMap":{"0":{"name":"createPerformanceCalculator","decl":{"start":{"line":1,"column":16},"end":{"line":1,"column":43}},"loc":{"start":{"line":2,"column":0},"end":{"line":13,"column":1}},"line":2},"1":{"name":"(anonymous_1)","decl":{"start":{"line":17,"column":2},"end":{"line":17,"column":3}},"loc":{"start":{"line":17,"column":35},"end":{"line":20,"column":3}},"line":17},"2":{"name":"(anonymous_2)","decl":{"start":{"line":22,"column":2},"end":{"line":22,"column":3}},"loc":{"start":{"line":22,"column":15},"end":{"line":24,"column":3}},"line":22},"3":{"name":"(anonymous_3)","decl":{"start":{"line":26,"column":2},"end":{"line":26,"column":3}},"loc":{"start":{"line":26,"column":22},"end":{"line":33,"column":3}},"line":26},"4":{"name":"(anonymous_4)","decl":{"start":{"line":37,"column":2},"end":{"line":37,"column":3}},"loc":{"start":{"line":37,"column":15},"end":{"line":44,"column":3}},"line":37},"5":{"name":"(anonymous_5)","decl":{"start":{"line":48,"column":2},"end":{"line":48,"column":3}},"loc":{"start":{"line":48,"column":15},"end":{"line":54,"column":3}},"line":48}},"branchMap":{"0":{"loc":{"start":{"line":3,"column":2},"end":{"line":12,"column":3}},"type":"switch","locations":[{"start":{"line":4,"column":4},"end":{"line":6,"column":12}},{"start":{"line":7,"column":4},"end":{"line":9,"column":12}},{"start":{"line":10,"column":4},"end":{"line":11,"column":53}}],"line":3},"1":{"loc":{"start":{"line":28,"column":4},"end":{"line":30,"column":5}},"type":"if","locations":[{"start":{"line":28,"column":4},"end":{"line":30,"column":5}},{"start":{"line":28,"column":4},"end":{"line":30,"column":5}}],"line":28},"2":{"loc":{"start":{"line":39,"column":4},"end":{"line":41,"column":5}},"type":"if","locations":[{"start":{"line":39,"column":4},"end":{"line":41,"column":5}},{"start":{"line":39,"column":4},"end":{"line":41,"column":5}}],"line":39},"3":{"loc":{"start":{"line":50,"column":4},"end":{"line":52,"column":5}},"type":"if","locations":[{"start":{"line":50,"column":4},"end":{"line":52,"column":5}},{"start":{"line":50,"column":4},"end":{"line":52,"column":5}}],"line":50}},"s":{"0":14,"1":5,"2":0,"3":8,"4":0,"5":1,"6":18,"7":18,"8":1,"9":14,"10":14,"11":5,"12":14,"13":14,"14":6,"15":6,"16":5,"17":6,"18":6,"19":8,"20":8,"21":8,"22":8},"f":{"0":14,"1":18,"2":1,"3":14,"4":6,"5":8},"b":{"0":[5,8,1],"1":[5,9],"2":[5,1],"3":[8,0]},"_coverageSchema":"1a1c01bbd47fc00a2c39e90264f33305004495a9","hash":"ce278af9f253283054b97663c7f67500f8e8910c"}
,"/home/antoine/code/Refactoring/src/createStatementData.js": {"path":"/home/antoine/code/Refactoring/src/createStatementData.js","statementMap":{"0":{"start":{"line":8,"column":17},"end":{"line":8,"column":19}},"1":{"start":{"line":9,"column":2},"end":{"line":9,"column":37}},"2":{"start":{"line":10,"column":2},"end":{"line":10,"column":69}},"3":{"start":{"line":11,"column":2},"end":{"line":11,"column":43}},"4":{"start":{"line":12,"column":2},"end":{"line":12,"column":57}},"5":{"start":{"line":14,"column":2},"end":{"line":14,"column":16}},"6":{"start":{"line":17,"column":19},"end":{"line":17,"column":50}},"7":{"start":{"line":19,"column":23},"end":{"line":19,"column":87}},"8":{"start":{"line":21,"column":4},"end":{"line":21,"column":34}},"9":{"start":{"line":22,"column":4},"end":{"line":22,"column":39}},"10":{"start":{"line":23,"column":4},"end":{"line":23,"column":52}},"11":{"start":{"line":25,"column":4},"end":{"line":25,"column":17}},"12":{"start":{"line":29,"column":4},"end":{"line":29,"column":38}},"13":{"start":{"line":33,"column":4},"end":{"line":34,"column":49}},"14":{"start":{"line":34,"column":28},"end":{"line":34,"column":44}},"15":{"start":{"line":38,"column":4},"end":{"line":39,"column":56}},"16":{"start":{"line":39,"column":28},"end":{"line":39,"column":51}}},"fnMap":{"0":{"name":"createStatementData","decl":{"start":{"line":7,"column":24},"end":{"line":7,"column":43}},"loc":{"start":{"line":7,"column":61},"end":{"line":41,"column":1}},"line":7},"1":{"name":"enrichPerformance","decl":{"start":{"line":16,"column":11},"end":{"line":16,"column":28}},"loc":{"start":{"line":16,"column":43},"end":{"line":26,"column":3}},"line":16},"2":{"name":"playFor","decl":{"start":{"line":28,"column":11},"end":{"line":28,"column":18}},"loc":{"start":{"line":28,"column":33},"end":{"line":30,"column":3}},"line":28},"3":{"name":"totalAmount","decl":{"start":{"line":32,"column":11},"end":{"line":32,"column":22}},"loc":{"start":{"line":32,"column":28},"end":{"line":35,"column":3}},"line":32},"4":{"name":"(anonymous_4)","decl":{"start":{"line":34,"column":14},"end":{"line":34,"column":15}},"loc":{"start":{"line":34,"column":28},"end":{"line":34,"column":44}},"line":34},"5":{"name":"totalVolumeCredits","decl":{"start":{"line":37,"column":11},"end":{"line":37,"column":29}},"loc":{"start":{"line":37,"column":36},"end":{"line":40,"column":3}},"line":37},"6":{"name":"(anonymous_6)","decl":{"start":{"line":39,"column":14},"end":{"line":39,"column":15}},"loc":{"start":{"line":39,"column":28},"end":{"line":39,"column":51}},"line":39}},"branchMap":{},"s":{"0":4,"1":4,"2":4,"3":4,"4":4,"5":4,"6":12,"7":12,"8":12,"9":12,"10":12,"11":12,"12":12,"13":4,"14":12,"15":4,"16":12},"f":{"0":4,"1":12,"2":12,"3":4,"4":12,"5":4,"6":12},"b":{},"_coverageSchema":"1a1c01bbd47fc00a2c39e90264f33305004495a9","hash":"9ce3f343309df7c79da864c53421751ddbd9b30d"}
,"/home/antoine/code/Refactoring/src/currency.js": {"path":"/home/antoine/code/Refactoring/src/currency.js","statementMap":{"0":{"start":{"line":2,"column":2},"end":{"line":6,"column":26}}},"fnMap":{"0":{"name":"usd","decl":{"start":{"line":1,"column":16},"end":{"line":1,"column":19}},"loc":{"start":{"line":1,"column":29},"end":{"line":7,"column":1}},"line":1}},"branchMap":{},"s":{"0":9},"f":{"0":9},"b":{},"_coverageSchema":"1a1c01bbd47fc00a2c39e90264f33305004495a9","hash":"4d7afff174cc6f9208b7e20e957994bbeb26e364"}
,"/home/antoine/code/Refactoring/src/renderHtml.js": {"path":"/home/antoine/code/Refactoring/src/renderHtml.js","statementMap":{"0":{"start":{"line":4,"column":15},"end":{"line":4,"column":58}},"1":{"start":{"line":5,"column":2},"end":{"line":5,"column":24}},"2":{"start":{"line":6,"column":2},"end":{"line":6,"column":63}},"3":{"start":{"line":7,"column":2},"end":{"line":10,"column":3}},"4":{"start":{"line":8,"column":4},"end":{"line":8,"column":70}},"5":{"start":{"line":9,"column":4},"end":{"line":9,"column":51}},"6":{"start":{"line":11,"column":2},"end":{"line":11,"column":25}},"7":{"start":{"line":12,"column":2},"end":{"line":12,"column":72}},"8":{"start":{"line":13,"column":2},"end":{"line":13,"column":78}},"9":{"start":{"line":15,"column":2},"end":{"line":15,"column":16}}},"fnMap":{"0":{"name":"renderHtml","decl":{"start":{"line":3,"column":24},"end":{"line":3,"column":34}},"loc":{"start":{"line":3,"column":40},"end":{"line":16,"column":1}},"line":3}},"branchMap":{},"s":{"0":1,"1":1,"2":1,"3":1,"4":3,"5":3,"6":1,"7":1,"8":1,"9":1},"f":{"0":1},"b":{},"_coverageSchema":"1a1c01bbd47fc00a2c39e90264f33305004495a9","hash":"ffebdb5d9dab69c3b4fa6217ea9534ffceb8f29f"}
,"/home/antoine/code/Refactoring/src/renderPlainText.js": {"path":"/home/antoine/code/Refactoring/src/renderPlainText.js","statementMap":{"0":{"start":{"line":4,"column":15},"end":{"line":4,"column":49}},"1":{"start":{"line":6,"column":2},"end":{"line":8,"column":3}},"2":{"start":{"line":7,"column":4},"end":{"line":7,"column":83}},"3":{"start":{"line":10,"column":2},"end":{"line":10,"column":55}},"4":{"start":{"line":11,"column":2},"end":{"line":11,"column":62}},"5":{"start":{"line":12,"column":2},"end":{"line":12,"column":16}}},"fnMap":{"0":{"name":"renderPlainText","decl":{"start":{"line":3,"column":24},"end":{"line":3,"column":39}},"loc":{"start":{"line":3,"column":53},"end":{"line":13,"column":1}},"line":3}},"branchMap":{},"s":{"0":1,"1":1,"2":3,"3":1,"4":1,"5":1},"f":{"0":1},"b":{},"_coverageSchema":"1a1c01bbd47fc00a2c39e90264f33305004495a9","hash":"de73ae5729028f1acbc6813101b51faa2264ade3"}
,"/home/antoine/code/Refactoring/src/statement.js": {"path":"/home/antoine/code/Refactoring/src/statement.js","statementMap":{"0":{"start":{"line":4,"column":2},"end":{"line":4,"column":46}}},"fnMap":{"0":{"name":"statement","decl":{"start":{"line":3,"column":24},"end":{"line":3,"column":33}},"loc":{"start":{"line":3,"column":51},"end":{"line":5,"column":1}},"line":3}},"branchMap":{},"s":{"0":4},"f":{"0":4},"b":{},"_coverageSchema":"1a1c01bbd47fc00a2c39e90264f33305004495a9","hash":"9cfdeda609ec70c17deca2b1c0b2566011873952"}
}
