TN:
SF:src/calculators.js
FN:1,createPerformanceCalculator
FN:17,(anonymous_1)
FN:22,(anonymous_2)
FN:26,(anonymous_3)
FN:37,(anonymous_4)
FN:48,(anonymous_5)
FNF:6
FNH:6
FNDA:14,createPerformanceCalculator
FNDA:16,(anonymous_1)
FNDA:1,(anonymous_2)
FNDA:14,(anonymous_3)
FNDA:4,(anonymous_4)
FNDA:8,(anonymous_5)
DA:3,14
DA:5,5
DA:6,0
DA:8,8
DA:9,0
DA:11,1
DA:18,16
DA:19,16
DA:23,1
DA:27,14
DA:28,14
DA:29,5
DA:31,14
DA:32,14
DA:38,4
DA:39,4
DA:40,4
DA:42,4
DA:43,4
DA:49,8
DA:50,8
DA:51,8
DA:53,8
LF:23
LH:21
BRDA:3,0,0,5
BRDA:3,0,1,8
BRDA:3,0,2,1
BRDA:28,1,0,5
BRDA:28,1,1,9
BRDA:39,2,0,4
BRDA:39,2,1,0
BRDA:50,3,0,8
BRDA:50,3,1,0
BRF:9
BRH:7
end_of_record
TN:
SF:src/createStatementData.js
FN:7,createStatementData
FN:16,enrichPerformance
FN:28,playFor
FN:32,amountFor
FN:36,volumeCreditsFor
FN:45,totalAmount
FN:47,(anonymous_6)
FN:50,totalVolumeCredits
FN:52,(anonymous_8)
FNF:9
FNH:7
FNDA:4,createStatementData
FNDA:12,enrichPerformance
FNDA:12,playFor
FNDA:0,amountFor
FNDA:0,volumeCreditsFor
FNDA:4,totalAmount
FNDA:12,(anonymous_6)
FNDA:4,totalVolumeCredits
FNDA:12,(anonymous_8)
DA:8,4
DA:9,4
DA:10,4
DA:11,4
DA:12,4
DA:14,4
DA:17,12
DA:19,12
DA:21,12
DA:22,12
DA:23,12
DA:25,12
DA:29,12
DA:33,0
DA:37,0
DA:38,0
DA:39,0
DA:40,0
DA:42,0
DA:46,4
DA:47,12
DA:51,4
DA:52,12
LF:23
LH:17
BRDA:39,0,0,0
BRDA:39,0,1,0
BRF:2
BRH:0
end_of_record
TN:
SF:src/currency.js
FN:1,usd
FNF:1
FNH:1
FNDA:9,usd
DA:2,9
LF:1
LH:1
BRF:0
BRH:0
end_of_record
TN:
SF:src/renderHtml.js
FN:3,renderHtml
FNF:1
FNH:1
FNDA:1,renderHtml
DA:4,1
DA:5,1
DA:6,1
DA:7,1
DA:8,3
DA:9,3
DA:11,1
DA:12,1
DA:13,1
DA:15,1
LF:10
LH:10
BRF:0
BRH:0
end_of_record
TN:
SF:src/renderPlainText.js
FN:3,renderPlainText
FNF:1
FNH:1
FNDA:1,renderPlainText
DA:4,1
DA:6,1
DA:7,3
DA:10,1
DA:11,1
DA:12,1
LF:6
LH:6
BRF:0
BRH:0
end_of_record
TN:
SF:src/statement.js
FN:3,statement
FNF:1
FNH:1
FNDA:4,statement
DA:4,4
LF:1
LH:1
BRF:0
BRH:0
end_of_record
